[2025-07-10T21:01:07.704Z] Attempting to connect to MongoDB...
[2025-07-10T21:01:08.315Z] MongoDB connection successful
[2025-07-10T21:01:08.319Z] Attempting to start server on port 5001...
[2025-07-10T21:01:08.324Z] Server running in development mode on port 5001
[2025-07-10T21:01:08.325Z] Server is listening on http://localhost:5001
[2025-07-10T21:01:08.326Z] WARNING: Server is not actually accepting connections!
[2025-07-10T21:01:08.987Z] SIGINT received. Shutting down server...
[2025-07-10T21:02:57.995Z] Attempting to connect to MongoDB...
[2025-07-10T21:02:58.591Z] MongoDB connection successful
[2025-07-10T21:02:58.597Z] Attempting to start server on port 5001...
[2025-07-10T21:02:58.611Z] Server running in development mode on port 5001
[2025-07-10T21:02:58.611Z] Server is listening on http://localhost:5001
[2025-07-10T21:02:58.624Z] Server is confirmed to be accepting connections
[2025-07-10T21:03:00.398Z] SIGINT received. Shutting down server...
[2025-07-10T21:04:19.839Z] Attempting to connect to MongoDB...
[2025-07-10T21:04:20.448Z] MongoDB connection successful
[2025-07-10T21:04:20.464Z] Using port 5001 for server
[2025-07-10T21:04:20.466Z] Attempting to start server on port 5001...
[2025-07-10T21:04:20.473Z] Attempting to listen on 0.0.0.0:5001
[2025-07-10T21:04:20.505Z] Server running in development mode on port 5001
[2025-07-10T21:04:20.509Z] Server is listening on http://localhost:5001
[2025-07-10T21:04:20.550Z] Server is confirmed to be accepting connections
[2025-07-10T21:04:21.709Z] SIGINT received. Shutting down server...
[2025-07-10T21:06:09.937Z] Attempting to connect to MongoDB...
[2025-07-10T21:06:10.526Z] MongoDB connection successful
[2025-07-10T21:06:10.539Z] Using port 5001 for server
[2025-07-10T21:06:10.540Z] Attempting to start server on port 5001...
[2025-07-10T21:06:10.544Z] Attempting to listen on 0.0.0.0:5001
[2025-07-10T21:06:10.567Z] Server running in development mode on port 5001
[2025-07-10T21:06:10.571Z] Server is listening on http://localhost:5001
[2025-07-10T21:06:10.625Z] Server is confirmed to be accepting connections
[2025-07-10T21:06:23.542Z] SIGINT received. Shutting down server...
[2025-07-10T21:12:30.364Z] Attempting to connect to MongoDB...
[2025-07-10T21:12:30.939Z] MongoDB connection successful
[2025-07-10T21:12:30.945Z] Using port 5001 for server
[2025-07-10T21:12:30.949Z] Attempting to start server on port 5001...
[2025-07-10T21:12:30.953Z] Attempting to listen on 0.0.0.0:5001
[2025-07-10T21:12:30.979Z] Server running in development mode on port 5001
[2025-07-10T21:12:30.980Z] Server is listening on http://localhost:5001
[2025-07-10T21:12:31.051Z] Server is confirmed to be accepting connections
[2025-07-10T21:13:04.127Z] SIGINT received. Shutting down server...
[2025-07-10T21:13:52.038Z] Attempting to connect to MongoDB...
[2025-07-10T21:13:52.639Z] MongoDB connection successful
[2025-07-10T21:13:52.649Z] Using port 5004 for server
[2025-07-10T21:13:52.651Z] Attempting to start server on port 5004...
[2025-07-10T21:13:52.654Z] Attempting to listen on 0.0.0.0:5004
[2025-07-10T21:13:52.672Z] Server running in development mode on port 5004
[2025-07-10T21:13:52.674Z] Server is listening on http://localhost:5004
[2025-07-10T21:13:52.724Z] Server is confirmed to be accepting connections
[2025-07-10T21:20:59.340Z] Attempting to connect to MongoDB...
[2025-07-10T21:20:59.830Z] MongoDB connection successful
[2025-07-10T21:21:01.435Z] Attempting to connect to MongoDB...
[2025-07-10T21:21:02.020Z] MongoDB connection successful
[2025-07-10T21:21:57.327Z] Attempting to connect to MongoDB...
[2025-07-10T21:21:57.820Z] MongoDB connection successful
[2025-07-10T21:22:43.003Z] Attempting to connect to MongoDB...
[2025-07-10T21:22:43.539Z] MongoDB connection successful
[2025-07-10T21:30:00.456Z] Attempting to connect to MongoDB...
[2025-07-10T21:30:01.015Z] MongoDB connection successful
[2025-07-10T21:30:01.047Z] Server running in development mode on port 5050
[2025-07-10T21:30:01.066Z] API Documentation: http://localhost:5050/api-docs
[2025-07-10T21:30:23.708Z] SIGINT received. Shutting down server...
[2025-07-10T21:30:33.554Z] Attempting to connect to MongoDB...
[2025-07-10T21:30:34.203Z] MongoDB connection successful
[2025-07-10T21:30:34.217Z] Server running in development mode on port 5050
[2025-07-10T21:30:34.225Z] API Documentation: http://localhost:5050/api-docs
[2025-07-10T21:30:47.166Z] SIGINT received. Shutting down server...
[2025-07-10T21:40:18.914Z] Attempting to connect to MongoDB...
[2025-07-10T21:40:19.387Z] MongoDB connection successful
[2025-07-10T21:40:19.398Z] Server running in development mode on port 5050
[2025-07-10T21:40:19.398Z] API Documentation: http://localhost:5050/api-docs
[2025-07-10T21:40:32.264Z] SIGINT received. Shutting down server...
[2025-07-10T21:41:15.444Z] Environment variables:
[2025-07-10T21:41:15.448Z] - PORT: 5050
[2025-07-10T21:41:15.448Z] - NODE_ENV: development
[2025-07-10T21:41:15.448Z] - MONGO_URI: *** (hidden for security) ***
[2025-07-10T21:41:15.448Z] 
Starting server on port 5050...
[2025-07-10T21:41:15.449Z] Attempting to connect to MongoDB...
[2025-07-10T21:41:16.028Z] MongoDB connection successful
[2025-07-10T21:41:16.050Z] Server running in development mode on port 5050
[2025-07-10T21:41:16.077Z] API Documentation: http://localhost:5050/api-docs
[2025-07-10T21:41:16.079Z] Server successfully started and listening on port 5050
[2025-07-10T21:41:16.080Z] API Documentation: http://localhost:5050/api-docs
[2025-07-10T21:41:16.080Z] Health check: http://localhost:5050/api/health
[2025-07-10T21:42:05.299Z] SIGINT received. Shutting down server...
[2025-07-10T22:59:51.437Z] SIGINT received. Shutting down server...
